The system is: Darwin - 18.6.0 - x86_64
Compiling the C compiler identification source file "CMakeCCompilerId.c" succeeded.
Compiler: /Applications/Xcode.app/Contents/Developer/Toolchains/XcodeDefault.xctoolchain/usr/bin/cc 
Build flags: 
Id flags:  

The output was:
0


Compilation of the C compiler identification source "CMakeCCompilerId.c" produced "a.out"

The C compiler identification is AppleClang, found in "/Users/ChengLuhan/Desktop/Units/FIT3143/Assignment/Assignment_2/fit3143_assignment2/code/tiny-AES-c/build/CMakeFiles/3.12.0/CompilerIdC/a.out"

Determining if the C compiler works passed with the following output:
Change Dir: /Users/ChengLuhan/Desktop/Units/FIT3143/Assignment/Assignment_2/fit3143_assignment2/code/tiny-AES-c/build/CMakeFiles/CMakeTmp

Run Build Command:"/usr/bin/make" "cmTC_de26b/fast"
/Applications/Xcode.app/Contents/Developer/usr/bin/make -f CMakeFiles/cmTC_de26b.dir/build.make CMakeFiles/cmTC_de26b.dir/build
Building C object CMakeFiles/cmTC_de26b.dir/testCCompiler.c.o
/Applications/Xcode.app/Contents/Developer/Toolchains/XcodeDefault.xctoolchain/usr/bin/cc    -o CMakeFiles/cmTC_de26b.dir/testCCompiler.c.o   -c /Users/ChengLuhan/Desktop/Units/FIT3143/Assignment/Assignment_2/fit3143_assignment2/code/tiny-AES-c/build/CMakeFiles/CMakeTmp/testCCompiler.c
Linking C executable cmTC_de26b
/anaconda3/lib/python3.6/site-packages/cmake/data/CMake.app/Contents/bin/cmake -E cmake_link_script CMakeFiles/cmTC_de26b.dir/link.txt --verbose=1
/Applications/Xcode.app/Contents/Developer/Toolchains/XcodeDefault.xctoolchain/usr/bin/cc   -Wl,-search_paths_first -Wl,-headerpad_max_install_names   CMakeFiles/cmTC_de26b.dir/testCCompiler.c.o  -o cmTC_de26b 


Detecting C compiler ABI info compiled with the following output:
Change Dir: /Users/ChengLuhan/Desktop/Units/FIT3143/Assignment/Assignment_2/fit3143_assignment2/code/tiny-AES-c/build/CMakeFiles/CMakeTmp

Run Build Command:"/usr/bin/make" "cmTC_32464/fast"
/Applications/Xcode.app/Contents/Developer/usr/bin/make -f CMakeFiles/cmTC_32464.dir/build.make CMakeFiles/cmTC_32464.dir/build
Building C object CMakeFiles/cmTC_32464.dir/CMakeCCompilerABI.c.o
/Applications/Xcode.app/Contents/Developer/Toolchains/XcodeDefault.xctoolchain/usr/bin/cc    -o CMakeFiles/cmTC_32464.dir/CMakeCCompilerABI.c.o   -c /anaconda3/lib/python3.6/site-packages/cmake/data/CMake.app/Contents/share/cmake-3.12/Modules/CMakeCCompilerABI.c
Linking C executable cmTC_32464
/anaconda3/lib/python3.6/site-packages/cmake/data/CMake.app/Contents/bin/cmake -E cmake_link_script CMakeFiles/cmTC_32464.dir/link.txt --verbose=1
/Applications/Xcode.app/Contents/Developer/Toolchains/XcodeDefault.xctoolchain/usr/bin/cc   -Wl,-search_paths_first -Wl,-headerpad_max_install_names  -v -Wl,-v CMakeFiles/cmTC_32464.dir/CMakeCCompilerABI.c.o  -o cmTC_32464 
Apple LLVM version 10.0.1 (clang-1001.0.46.4)
Target: x86_64-apple-darwin18.6.0
Thread model: posix
InstalledDir: /Applications/Xcode.app/Contents/Developer/Toolchains/XcodeDefault.xctoolchain/usr/bin
 "/Applications/Xcode.app/Contents/Developer/Toolchains/XcodeDefault.xctoolchain/usr/bin/ld" -demangle -lto_library /Applications/Xcode.app/Contents/Developer/Toolchains/XcodeDefault.xctoolchain/usr/lib/libLTO.dylib -dynamic -arch x86_64 -macosx_version_min 10.14.0 -o cmTC_32464 -search_paths_first -headerpad_max_install_names -v CMakeFiles/cmTC_32464.dir/CMakeCCompilerABI.c.o -L/opt/intel/compilers_and_libraries_2018.3.185/mac/ipp/lib -L/opt/intel/compilers_and_libraries_2018.3.185/mac/compiler/lib -L/opt/intel/compilers_and_libraries_2018.3.185/mac/mkl/lib -L/opt/intel/compilers_and_libraries_2018.3.185/mac/tbb/lib -L/opt/intel/compilers_and_libraries_2018.3.185/mac/tbb/lib -L/opt/intel/compilers_and_libraries_2018.3.185/mac/daal/lib -L/opt/intel/compilers_and_libraries_2018.3.185/mac/daal/../tbb/lib -lSystem /Applications/Xcode.app/Contents/Developer/Toolchains/XcodeDefault.xctoolchain/usr/lib/clang/10.0.1/lib/darwin/libclang_rt.osx.a
@(#)PROGRAM:ld  PROJECT:ld64-450.3
BUILD 18:16:53 Apr  5 2019
configured to support archs: armv6 armv7 armv7s arm64 arm64e arm64_32 i386 x86_64 x86_64h armv6m armv7k armv7m armv7em
Library search paths:
	/opt/intel/compilers_and_libraries_2018.3.185/mac/ipp/lib
	/opt/intel/compilers_and_libraries_2018.3.185/mac/compiler/lib
	/opt/intel/compilers_and_libraries_2018.3.185/mac/mkl/lib
	/opt/intel/compilers_and_libraries_2018.3.185/mac/tbb/lib
	/opt/intel/compilers_and_libraries_2018.3.185/mac/tbb/lib
	/opt/intel/compilers_and_libraries_2018.3.185/mac/daal/lib
	/opt/intel/compilers_and_libraries_2018.3.185/mac/tbb/lib
	/usr/lib
	/usr/local/lib
Framework search paths:
	/Library/Frameworks/
	/System/Library/Frameworks/


Parsed C implicit link information from above output:
  link line regex: [^( *|.*[/\])(ld|CMAKE_LINK_STARTFILE-NOTFOUND|([^/\]+-)?ld|collect2)[^/\]*( |$)]
  ignore line: [Change Dir: /Users/ChengLuhan/Desktop/Units/FIT3143/Assignment/Assignment_2/fit3143_assignment2/code/tiny-AES-c/build/CMakeFiles/CMakeTmp]
  ignore line: []
  ignore line: [Run Build Command:"/usr/bin/make" "cmTC_32464/fast"]
  ignore line: [/Applications/Xcode.app/Contents/Developer/usr/bin/make -f CMakeFiles/cmTC_32464.dir/build.make CMakeFiles/cmTC_32464.dir/build]
  ignore line: [Building C object CMakeFiles/cmTC_32464.dir/CMakeCCompilerABI.c.o]
  ignore line: [/Applications/Xcode.app/Contents/Developer/Toolchains/XcodeDefault.xctoolchain/usr/bin/cc    -o CMakeFiles/cmTC_32464.dir/CMakeCCompilerABI.c.o   -c /anaconda3/lib/python3.6/site-packages/cmake/data/CMake.app/Contents/share/cmake-3.12/Modules/CMakeCCompilerABI.c]
  ignore line: [Linking C executable cmTC_32464]
  ignore line: [/anaconda3/lib/python3.6/site-packages/cmake/data/CMake.app/Contents/bin/cmake -E cmake_link_script CMakeFiles/cmTC_32464.dir/link.txt --verbose=1]
  ignore line: [/Applications/Xcode.app/Contents/Developer/Toolchains/XcodeDefault.xctoolchain/usr/bin/cc   -Wl,-search_paths_first -Wl,-headerpad_max_install_names  -v -Wl,-v CMakeFiles/cmTC_32464.dir/CMakeCCompilerABI.c.o  -o cmTC_32464 ]
  ignore line: [Apple LLVM version 10.0.1 (clang-1001.0.46.4)]
  ignore line: [Target: x86_64-apple-darwin18.6.0]
  ignore line: [Thread model: posix]
  ignore line: [InstalledDir: /Applications/Xcode.app/Contents/Developer/Toolchains/XcodeDefault.xctoolchain/usr/bin]
  link line: [ "/Applications/Xcode.app/Contents/Developer/Toolchains/XcodeDefault.xctoolchain/usr/bin/ld" -demangle -lto_library /Applications/Xcode.app/Contents/Developer/Toolchains/XcodeDefault.xctoolchain/usr/lib/libLTO.dylib -dynamic -arch x86_64 -macosx_version_min 10.14.0 -o cmTC_32464 -search_paths_first -headerpad_max_install_names -v CMakeFiles/cmTC_32464.dir/CMakeCCompilerABI.c.o -L/opt/intel/compilers_and_libraries_2018.3.185/mac/ipp/lib -L/opt/intel/compilers_and_libraries_2018.3.185/mac/compiler/lib -L/opt/intel/compilers_and_libraries_2018.3.185/mac/mkl/lib -L/opt/intel/compilers_and_libraries_2018.3.185/mac/tbb/lib -L/opt/intel/compilers_and_libraries_2018.3.185/mac/tbb/lib -L/opt/intel/compilers_and_libraries_2018.3.185/mac/daal/lib -L/opt/intel/compilers_and_libraries_2018.3.185/mac/daal/../tbb/lib -lSystem /Applications/Xcode.app/Contents/Developer/Toolchains/XcodeDefault.xctoolchain/usr/lib/clang/10.0.1/lib/darwin/libclang_rt.osx.a]
    arg [/Applications/Xcode.app/Contents/Developer/Toolchains/XcodeDefault.xctoolchain/usr/bin/ld] ==> ignore
    arg [-demangle] ==> ignore
    arg [-lto_library] ==> ignore, skip following value
    arg [/Applications/Xcode.app/Contents/Developer/Toolchains/XcodeDefault.xctoolchain/usr/lib/libLTO.dylib] ==> skip value of -lto_library
    arg [-dynamic] ==> ignore
    arg [-arch] ==> ignore
    arg [x86_64] ==> ignore
    arg [-macosx_version_min] ==> ignore
    arg [10.14.0] ==> ignore
    arg [-o] ==> ignore
    arg [cmTC_32464] ==> ignore
    arg [-search_paths_first] ==> ignore
    arg [-headerpad_max_install_names] ==> ignore
    arg [-v] ==> ignore
    arg [CMakeFiles/cmTC_32464.dir/CMakeCCompilerABI.c.o] ==> ignore
    arg [-L/opt/intel/compilers_and_libraries_2018.3.185/mac/ipp/lib] ==> dir [/opt/intel/compilers_and_libraries_2018.3.185/mac/ipp/lib]
    arg [-L/opt/intel/compilers_and_libraries_2018.3.185/mac/compiler/lib] ==> dir [/opt/intel/compilers_and_libraries_2018.3.185/mac/compiler/lib]
    arg [-L/opt/intel/compilers_and_libraries_2018.3.185/mac/mkl/lib] ==> dir [/opt/intel/compilers_and_libraries_2018.3.185/mac/mkl/lib]
    arg [-L/opt/intel/compilers_and_libraries_2018.3.185/mac/tbb/lib] ==> dir [/opt/intel/compilers_and_libraries_2018.3.185/mac/tbb/lib]
    arg [-L/opt/intel/compilers_and_libraries_2018.3.185/mac/tbb/lib] ==> dir [/opt/intel/compilers_and_libraries_2018.3.185/mac/tbb/lib]
    arg [-L/opt/intel/compilers_and_libraries_2018.3.185/mac/daal/lib] ==> dir [/opt/intel/compilers_and_libraries_2018.3.185/mac/daal/lib]
    arg [-L/opt/intel/compilers_and_libraries_2018.3.185/mac/daal/../tbb/lib] ==> dir [/opt/intel/compilers_and_libraries_2018.3.185/mac/daal/../tbb/lib]
    arg [-lSystem] ==> lib [System]
    arg [/Applications/Xcode.app/Contents/Developer/Toolchains/XcodeDefault.xctoolchain/usr/lib/clang/10.0.1/lib/darwin/libclang_rt.osx.a] ==> lib [/Applications/Xcode.app/Contents/Developer/Toolchains/XcodeDefault.xctoolchain/usr/lib/clang/10.0.1/lib/darwin/libclang_rt.osx.a]
  Library search paths: [;/opt/intel/compilers_and_libraries_2018.3.185/mac/ipp/lib;/opt/intel/compilers_and_libraries_2018.3.185/mac/compiler/lib;/opt/intel/compilers_and_libraries_2018.3.185/mac/mkl/lib;/opt/intel/compilers_and_libraries_2018.3.185/mac/tbb/lib;/opt/intel/compilers_and_libraries_2018.3.185/mac/tbb/lib;/opt/intel/compilers_and_libraries_2018.3.185/mac/daal/lib;/opt/intel/compilers_and_libraries_2018.3.185/mac/tbb/lib;/usr/lib;/usr/local/lib]
  Framework search paths: [;/Library/Frameworks/;/System/Library/Frameworks/]
  remove lib [System]
  remove lib [/Applications/Xcode.app/Contents/Developer/Toolchains/XcodeDefault.xctoolchain/usr/lib/clang/10.0.1/lib/darwin/libclang_rt.osx.a]
  collapse library dir [/opt/intel/compilers_and_libraries_2018.3.185/mac/ipp/lib] ==> [/opt/intel/compilers_and_libraries_2018.3.185/mac/ipp/lib]
  collapse library dir [/opt/intel/compilers_and_libraries_2018.3.185/mac/compiler/lib] ==> [/opt/intel/compilers_and_libraries_2018.3.185/mac/compiler/lib]
  collapse library dir [/opt/intel/compilers_and_libraries_2018.3.185/mac/mkl/lib] ==> [/opt/intel/compilers_and_libraries_2018.3.185/mac/mkl/lib]
  collapse library dir [/opt/intel/compilers_and_libraries_2018.3.185/mac/tbb/lib] ==> [/opt/intel/compilers_and_libraries_2018.3.185/mac/tbb/lib]
  collapse library dir [/opt/intel/compilers_and_libraries_2018.3.185/mac/tbb/lib] ==> [/opt/intel/compilers_and_libraries_2018.3.185/mac/tbb/lib]
  collapse library dir [/opt/intel/compilers_and_libraries_2018.3.185/mac/daal/lib] ==> [/opt/intel/compilers_and_libraries_2018.3.185/mac/daal/lib]
  collapse library dir [/opt/intel/compilers_and_libraries_2018.3.185/mac/daal/../tbb/lib] ==> [/opt/intel/compilers_and_libraries_2018.3.185/mac/tbb/lib]
  collapse library dir [/opt/intel/compilers_and_libraries_2018.3.185/mac/ipp/lib] ==> [/opt/intel/compilers_and_libraries_2018.3.185/mac/ipp/lib]
  collapse library dir [/opt/intel/compilers_and_libraries_2018.3.185/mac/compiler/lib] ==> [/opt/intel/compilers_and_libraries_2018.3.185/mac/compiler/lib]
  collapse library dir [/opt/intel/compilers_and_libraries_2018.3.185/mac/mkl/lib] ==> [/opt/intel/compilers_and_libraries_2018.3.185/mac/mkl/lib]
  collapse library dir [/opt/intel/compilers_and_libraries_2018.3.185/mac/tbb/lib] ==> [/opt/intel/compilers_and_libraries_2018.3.185/mac/tbb/lib]
  collapse library dir [/opt/intel/compilers_and_libraries_2018.3.185/mac/tbb/lib] ==> [/opt/intel/compilers_and_libraries_2018.3.185/mac/tbb/lib]
  collapse library dir [/opt/intel/compilers_and_libraries_2018.3.185/mac/daal/lib] ==> [/opt/intel/compilers_and_libraries_2018.3.185/mac/daal/lib]
  collapse library dir [/opt/intel/compilers_and_libraries_2018.3.185/mac/tbb/lib] ==> [/opt/intel/compilers_and_libraries_2018.3.185/mac/tbb/lib]
  collapse library dir [/usr/lib] ==> [/usr/lib]
  collapse library dir [/usr/local/lib] ==> [/usr/local/lib]
  collapse framework dir [/Library/Frameworks/] ==> [/Library/Frameworks]
  collapse framework dir [/System/Library/Frameworks/] ==> [/System/Library/Frameworks]
  implicit libs: []
  implicit dirs: [/opt/intel/compilers_and_libraries_2018.3.185/mac/ipp/lib;/opt/intel/compilers_and_libraries_2018.3.185/mac/compiler/lib;/opt/intel/compilers_and_libraries_2018.3.185/mac/mkl/lib;/opt/intel/compilers_and_libraries_2018.3.185/mac/tbb/lib;/opt/intel/compilers_and_libraries_2018.3.185/mac/daal/lib;/usr/lib;/usr/local/lib]
  implicit fwks: [/Library/Frameworks;/System/Library/Frameworks]




Detecting C [-std=c11] compiler features compiled with the following output:
Change Dir: /Users/ChengLuhan/Desktop/Units/FIT3143/Assignment/Assignment_2/fit3143_assignment2/code/tiny-AES-c/build/CMakeFiles/CMakeTmp

Run Build Command:"/usr/bin/make" "cmTC_fc1bf/fast"
/Applications/Xcode.app/Contents/Developer/usr/bin/make -f CMakeFiles/cmTC_fc1bf.dir/build.make CMakeFiles/cmTC_fc1bf.dir/build
Building C object CMakeFiles/cmTC_fc1bf.dir/feature_tests.c.o
/Applications/Xcode.app/Contents/Developer/Toolchains/XcodeDefault.xctoolchain/usr/bin/cc   -std=c11 -o CMakeFiles/cmTC_fc1bf.dir/feature_tests.c.o   -c /Users/ChengLuhan/Desktop/Units/FIT3143/Assignment/Assignment_2/fit3143_assignment2/code/tiny-AES-c/build/CMakeFiles/feature_tests.c
Linking C executable cmTC_fc1bf
/anaconda3/lib/python3.6/site-packages/cmake/data/CMake.app/Contents/bin/cmake -E cmake_link_script CMakeFiles/cmTC_fc1bf.dir/link.txt --verbose=1
/Applications/Xcode.app/Contents/Developer/Toolchains/XcodeDefault.xctoolchain/usr/bin/cc   -Wl,-search_paths_first -Wl,-headerpad_max_install_names   CMakeFiles/cmTC_fc1bf.dir/feature_tests.c.o  -o cmTC_fc1bf 


    Feature record: C_FEATURE:1c_function_prototypes
    Feature record: C_FEATURE:1c_restrict
    Feature record: C_FEATURE:1c_static_assert
    Feature record: C_FEATURE:1c_variadic_macros


Detecting C [-std=c99] compiler features compiled with the following output:
Change Dir: /Users/ChengLuhan/Desktop/Units/FIT3143/Assignment/Assignment_2/fit3143_assignment2/code/tiny-AES-c/build/CMakeFiles/CMakeTmp

Run Build Command:"/usr/bin/make" "cmTC_5f69c/fast"
/Applications/Xcode.app/Contents/Developer/usr/bin/make -f CMakeFiles/cmTC_5f69c.dir/build.make CMakeFiles/cmTC_5f69c.dir/build
Building C object CMakeFiles/cmTC_5f69c.dir/feature_tests.c.o
/Applications/Xcode.app/Contents/Developer/Toolchains/XcodeDefault.xctoolchain/usr/bin/cc   -std=c99 -o CMakeFiles/cmTC_5f69c.dir/feature_tests.c.o   -c /Users/ChengLuhan/Desktop/Units/FIT3143/Assignment/Assignment_2/fit3143_assignment2/code/tiny-AES-c/build/CMakeFiles/feature_tests.c
Linking C executable cmTC_5f69c
/anaconda3/lib/python3.6/site-packages/cmake/data/CMake.app/Contents/bin/cmake -E cmake_link_script CMakeFiles/cmTC_5f69c.dir/link.txt --verbose=1
/Applications/Xcode.app/Contents/Developer/Toolchains/XcodeDefault.xctoolchain/usr/bin/cc   -Wl,-search_paths_first -Wl,-headerpad_max_install_names   CMakeFiles/cmTC_5f69c.dir/feature_tests.c.o  -o cmTC_5f69c 


    Feature record: C_FEATURE:1c_function_prototypes
    Feature record: C_FEATURE:1c_restrict
    Feature record: C_FEATURE:0c_static_assert
    Feature record: C_FEATURE:1c_variadic_macros


Detecting C [-std=c90] compiler features compiled with the following output:
Change Dir: /Users/ChengLuhan/Desktop/Units/FIT3143/Assignment/Assignment_2/fit3143_assignment2/code/tiny-AES-c/build/CMakeFiles/CMakeTmp

Run Build Command:"/usr/bin/make" "cmTC_db2be/fast"
/Applications/Xcode.app/Contents/Developer/usr/bin/make -f CMakeFiles/cmTC_db2be.dir/build.make CMakeFiles/cmTC_db2be.dir/build
Building C object CMakeFiles/cmTC_db2be.dir/feature_tests.c.o
/Applications/Xcode.app/Contents/Developer/Toolchains/XcodeDefault.xctoolchain/usr/bin/cc   -std=c90 -o CMakeFiles/cmTC_db2be.dir/feature_tests.c.o   -c /Users/ChengLuhan/Desktop/Units/FIT3143/Assignment/Assignment_2/fit3143_assignment2/code/tiny-AES-c/build/CMakeFiles/feature_tests.c
Linking C executable cmTC_db2be
/anaconda3/lib/python3.6/site-packages/cmake/data/CMake.app/Contents/bin/cmake -E cmake_link_script CMakeFiles/cmTC_db2be.dir/link.txt --verbose=1
/Applications/Xcode.app/Contents/Developer/Toolchains/XcodeDefault.xctoolchain/usr/bin/cc   -Wl,-search_paths_first -Wl,-headerpad_max_install_names   CMakeFiles/cmTC_db2be.dir/feature_tests.c.o  -o cmTC_db2be 


    Feature record: C_FEATURE:1c_function_prototypes
    Feature record: C_FEATURE:0c_restrict
    Feature record: C_FEATURE:0c_static_assert
    Feature record: C_FEATURE:0c_variadic_macros
