The system is: Darwin - 18.6.0 - x86_64
Compiling the C compiler identification source file "CMakeCCompilerId.c" succeeded.
Compiler: /usr/local/bin/mpicc 
Build flags: ;-fopenmp
Id flags:  

The output was:
0


Compilation of the C compiler identification source "CMakeCCompilerId.c" produced "a.out"

The C compiler identification is Clang, found in "/Users/ChengLuhan/Desktop/Units/FIT3143/Assignment/Assignment_2/fit3143_assignment2/code/src/build/CMakeFiles/3.12.0/CompilerIdC/a.out"

Determining if the C compiler works passed with the following output:
Change Dir: /Users/ChengLuhan/Desktop/Units/FIT3143/Assignment/Assignment_2/fit3143_assignment2/code/src/build/CMakeFiles/CMakeTmp

Run Build Command:"/usr/bin/make" "cmTC_43174/fast"
/Applications/Xcode.app/Contents/Developer/usr/bin/make -f CMakeFiles/cmTC_43174.dir/build.make CMakeFiles/cmTC_43174.dir/build
Building C object CMakeFiles/cmTC_43174.dir/testCCompiler.c.o
/usr/local/bin/mpicc   -fopenmp    -o CMakeFiles/cmTC_43174.dir/testCCompiler.c.o   -c /Users/ChengLuhan/Desktop/Units/FIT3143/Assignment/Assignment_2/fit3143_assignment2/code/src/build/CMakeFiles/CMakeTmp/testCCompiler.c
Linking C executable cmTC_43174
/anaconda3/lib/python3.6/site-packages/cmake/data/CMake.app/Contents/bin/cmake -E cmake_link_script CMakeFiles/cmTC_43174.dir/link.txt --verbose=1
/usr/local/bin/mpicc  -fopenmp  -Wl,-search_paths_first -Wl,-headerpad_max_install_names   CMakeFiles/cmTC_43174.dir/testCCompiler.c.o  -o cmTC_43174 


Detecting C compiler ABI info compiled with the following output:
Change Dir: /Users/ChengLuhan/Desktop/Units/FIT3143/Assignment/Assignment_2/fit3143_assignment2/code/src/build/CMakeFiles/CMakeTmp

Run Build Command:"/usr/bin/make" "cmTC_ff708/fast"
/Applications/Xcode.app/Contents/Developer/usr/bin/make -f CMakeFiles/cmTC_ff708.dir/build.make CMakeFiles/cmTC_ff708.dir/build
Building C object CMakeFiles/cmTC_ff708.dir/CMakeCCompilerABI.c.o
/usr/local/bin/mpicc   -fopenmp    -o CMakeFiles/cmTC_ff708.dir/CMakeCCompilerABI.c.o   -c /anaconda3/lib/python3.6/site-packages/cmake/data/CMake.app/Contents/share/cmake-3.12/Modules/CMakeCCompilerABI.c
Linking C executable cmTC_ff708
/anaconda3/lib/python3.6/site-packages/cmake/data/CMake.app/Contents/bin/cmake -E cmake_link_script CMakeFiles/cmTC_ff708.dir/link.txt --verbose=1
/usr/local/bin/mpicc  -fopenmp  -Wl,-search_paths_first -Wl,-headerpad_max_install_names  -v -Wl,-v CMakeFiles/cmTC_ff708.dir/CMakeCCompilerABI.c.o  -o cmTC_ff708 
clang version 4.0.1 (tags/RELEASE_401/final)
Target: x86_64-apple-darwin18.6.0
Thread model: posix
InstalledDir: /anaconda3/bin
 "/usr/bin/ld" -demangle -lto_library /anaconda3/lib/libLTO.dylib -dynamic -arch x86_64 -macosx_version_min 10.14.0 -o cmTC_ff708 -L/usr/local/opt/libevent/lib -L/usr/local/Cellar/open-mpi/4.0.1_2/lib -search_paths_first -headerpad_max_install_names -v CMakeFiles/cmTC_ff708.dir/CMakeCCompilerABI.c.o -lmpi -L/opt/intel/compilers_and_libraries_2018.3.185/mac/ipp/lib -L/opt/intel/compilers_and_libraries_2018.3.185/mac/compiler/lib -L/opt/intel/compilers_and_libraries_2018.3.185/mac/mkl/lib -L/opt/intel/compilers_and_libraries_2018.3.185/mac/tbb/lib -L/opt/intel/compilers_and_libraries_2018.3.185/mac/tbb/lib -L/opt/intel/compilers_and_libraries_2018.3.185/mac/daal/lib -L/opt/intel/compilers_and_libraries_2018.3.185/mac/daal/../tbb/lib -lomp -lSystem /anaconda3/bin/../lib/clang/4.0.1/lib/darwin/libclang_rt.osx.a
@(#)PROGRAM:ld  PROJECT:ld64-450.3
BUILD 18:16:53 Apr  5 2019
configured to support archs: armv6 armv7 armv7s arm64 arm64e arm64_32 i386 x86_64 x86_64h armv6m armv7k armv7m armv7em
Library search paths:
	/usr/local/opt/libevent/lib
	/usr/local/Cellar/open-mpi/4.0.1_2/lib
	/opt/intel/compilers_and_libraries_2018.3.185/mac/ipp/lib
	/opt/intel/compilers_and_libraries_2018.3.185/mac/compiler/lib
	/opt/intel/compilers_and_libraries_2018.3.185/mac/mkl/lib
	/opt/intel/compilers_and_libraries_2018.3.185/mac/tbb/lib
	/opt/intel/compilers_and_libraries_2018.3.185/mac/tbb/lib
	/opt/intel/compilers_and_libraries_2018.3.185/mac/daal/lib
	/opt/intel/compilers_and_libraries_2018.3.185/mac/tbb/lib
	/usr/lib
	/usr/local/lib
Framework search paths:
	/Library/Frameworks/
	/System/Library/Frameworks/


Parsed C implicit link information from above output:
  link line regex: [^( *|.*[/\])(ld|CMAKE_LINK_STARTFILE-NOTFOUND|([^/\]+-)?ld|collect2)[^/\]*( |$)]
  ignore line: [Change Dir: /Users/ChengLuhan/Desktop/Units/FIT3143/Assignment/Assignment_2/fit3143_assignment2/code/src/build/CMakeFiles/CMakeTmp]
  ignore line: []
  ignore line: [Run Build Command:"/usr/bin/make" "cmTC_ff708/fast"]
  ignore line: [/Applications/Xcode.app/Contents/Developer/usr/bin/make -f CMakeFiles/cmTC_ff708.dir/build.make CMakeFiles/cmTC_ff708.dir/build]
  ignore line: [Building C object CMakeFiles/cmTC_ff708.dir/CMakeCCompilerABI.c.o]
  ignore line: [/usr/local/bin/mpicc   -fopenmp    -o CMakeFiles/cmTC_ff708.dir/CMakeCCompilerABI.c.o   -c /anaconda3/lib/python3.6/site-packages/cmake/data/CMake.app/Contents/share/cmake-3.12/Modules/CMakeCCompilerABI.c]
  ignore line: [Linking C executable cmTC_ff708]
  ignore line: [/anaconda3/lib/python3.6/site-packages/cmake/data/CMake.app/Contents/bin/cmake -E cmake_link_script CMakeFiles/cmTC_ff708.dir/link.txt --verbose=1]
  ignore line: [/usr/local/bin/mpicc  -fopenmp  -Wl,-search_paths_first -Wl,-headerpad_max_install_names  -v -Wl,-v CMakeFiles/cmTC_ff708.dir/CMakeCCompilerABI.c.o  -o cmTC_ff708 ]
  ignore line: [clang version 4.0.1 (tags/RELEASE_401/final)]
  ignore line: [Target: x86_64-apple-darwin18.6.0]
  ignore line: [Thread model: posix]
  ignore line: [InstalledDir: /anaconda3/bin]
  link line: [ "/usr/bin/ld" -demangle -lto_library /anaconda3/lib/libLTO.dylib -dynamic -arch x86_64 -macosx_version_min 10.14.0 -o cmTC_ff708 -L/usr/local/opt/libevent/lib -L/usr/local/Cellar/open-mpi/4.0.1_2/lib -search_paths_first -headerpad_max_install_names -v CMakeFiles/cmTC_ff708.dir/CMakeCCompilerABI.c.o -lmpi -L/opt/intel/compilers_and_libraries_2018.3.185/mac/ipp/lib -L/opt/intel/compilers_and_libraries_2018.3.185/mac/compiler/lib -L/opt/intel/compilers_and_libraries_2018.3.185/mac/mkl/lib -L/opt/intel/compilers_and_libraries_2018.3.185/mac/tbb/lib -L/opt/intel/compilers_and_libraries_2018.3.185/mac/tbb/lib -L/opt/intel/compilers_and_libraries_2018.3.185/mac/daal/lib -L/opt/intel/compilers_and_libraries_2018.3.185/mac/daal/../tbb/lib -lomp -lSystem /anaconda3/bin/../lib/clang/4.0.1/lib/darwin/libclang_rt.osx.a]
    arg [/usr/bin/ld] ==> ignore
    arg [-demangle] ==> ignore
    arg [-lto_library] ==> ignore, skip following value
    arg [/anaconda3/lib/libLTO.dylib] ==> skip value of -lto_library
    arg [-dynamic] ==> ignore
    arg [-arch] ==> ignore
    arg [x86_64] ==> ignore
    arg [-macosx_version_min] ==> ignore
    arg [10.14.0] ==> ignore
    arg [-o] ==> ignore
    arg [cmTC_ff708] ==> ignore
    arg [-L/usr/local/opt/libevent/lib] ==> dir [/usr/local/opt/libevent/lib]
    arg [-L/usr/local/Cellar/open-mpi/4.0.1_2/lib] ==> dir [/usr/local/Cellar/open-mpi/4.0.1_2/lib]
    arg [-search_paths_first] ==> ignore
    arg [-headerpad_max_install_names] ==> ignore
    arg [-v] ==> ignore
    arg [CMakeFiles/cmTC_ff708.dir/CMakeCCompilerABI.c.o] ==> ignore
    arg [-lmpi] ==> lib [mpi]
    arg [-L/opt/intel/compilers_and_libraries_2018.3.185/mac/ipp/lib] ==> dir [/opt/intel/compilers_and_libraries_2018.3.185/mac/ipp/lib]
    arg [-L/opt/intel/compilers_and_libraries_2018.3.185/mac/compiler/lib] ==> dir [/opt/intel/compilers_and_libraries_2018.3.185/mac/compiler/lib]
    arg [-L/opt/intel/compilers_and_libraries_2018.3.185/mac/mkl/lib] ==> dir [/opt/intel/compilers_and_libraries_2018.3.185/mac/mkl/lib]
    arg [-L/opt/intel/compilers_and_libraries_2018.3.185/mac/tbb/lib] ==> dir [/opt/intel/compilers_and_libraries_2018.3.185/mac/tbb/lib]
    arg [-L/opt/intel/compilers_and_libraries_2018.3.185/mac/tbb/lib] ==> dir [/opt/intel/compilers_and_libraries_2018.3.185/mac/tbb/lib]
    arg [-L/opt/intel/compilers_and_libraries_2018.3.185/mac/daal/lib] ==> dir [/opt/intel/compilers_and_libraries_2018.3.185/mac/daal/lib]
    arg [-L/opt/intel/compilers_and_libraries_2018.3.185/mac/daal/../tbb/lib] ==> dir [/opt/intel/compilers_and_libraries_2018.3.185/mac/daal/../tbb/lib]
    arg [-lomp] ==> lib [omp]
    arg [-lSystem] ==> lib [System]
    arg [/anaconda3/bin/../lib/clang/4.0.1/lib/darwin/libclang_rt.osx.a] ==> lib [/anaconda3/bin/../lib/clang/4.0.1/lib/darwin/libclang_rt.osx.a]
  Library search paths: [;/usr/local/opt/libevent/lib;/usr/local/Cellar/open-mpi/4.0.1_2/lib;/opt/intel/compilers_and_libraries_2018.3.185/mac/ipp/lib;/opt/intel/compilers_and_libraries_2018.3.185/mac/compiler/lib;/opt/intel/compilers_and_libraries_2018.3.185/mac/mkl/lib;/opt/intel/compilers_and_libraries_2018.3.185/mac/tbb/lib;/opt/intel/compilers_and_libraries_2018.3.185/mac/tbb/lib;/opt/intel/compilers_and_libraries_2018.3.185/mac/daal/lib;/opt/intel/compilers_and_libraries_2018.3.185/mac/tbb/lib;/usr/lib;/usr/local/lib]
  Framework search paths: [;/Library/Frameworks/;/System/Library/Frameworks/]
  remove lib [System]
  remove lib [/anaconda3/bin/../lib/clang/4.0.1/lib/darwin/libclang_rt.osx.a]
  collapse library dir [/usr/local/opt/libevent/lib] ==> [/usr/local/opt/libevent/lib]
  collapse library dir [/usr/local/Cellar/open-mpi/4.0.1_2/lib] ==> [/usr/local/Cellar/open-mpi/4.0.1_2/lib]
  collapse library dir [/opt/intel/compilers_and_libraries_2018.3.185/mac/ipp/lib] ==> [/opt/intel/compilers_and_libraries_2018.3.185/mac/ipp/lib]
  collapse library dir [/opt/intel/compilers_and_libraries_2018.3.185/mac/compiler/lib] ==> [/opt/intel/compilers_and_libraries_2018.3.185/mac/compiler/lib]
  collapse library dir [/opt/intel/compilers_and_libraries_2018.3.185/mac/mkl/lib] ==> [/opt/intel/compilers_and_libraries_2018.3.185/mac/mkl/lib]
  collapse library dir [/opt/intel/compilers_and_libraries_2018.3.185/mac/tbb/lib] ==> [/opt/intel/compilers_and_libraries_2018.3.185/mac/tbb/lib]
  collapse library dir [/opt/intel/compilers_and_libraries_2018.3.185/mac/tbb/lib] ==> [/opt/intel/compilers_and_libraries_2018.3.185/mac/tbb/lib]
  collapse library dir [/opt/intel/compilers_and_libraries_2018.3.185/mac/daal/lib] ==> [/opt/intel/compilers_and_libraries_2018.3.185/mac/daal/lib]
  collapse library dir [/opt/intel/compilers_and_libraries_2018.3.185/mac/daal/../tbb/lib] ==> [/opt/intel/compilers_and_libraries_2018.3.185/mac/tbb/lib]
  collapse library dir [/usr/local/opt/libevent/lib] ==> [/usr/local/opt/libevent/lib]
  collapse library dir [/usr/local/Cellar/open-mpi/4.0.1_2/lib] ==> [/usr/local/Cellar/open-mpi/4.0.1_2/lib]
  collapse library dir [/opt/intel/compilers_and_libraries_2018.3.185/mac/ipp/lib] ==> [/opt/intel/compilers_and_libraries_2018.3.185/mac/ipp/lib]
  collapse library dir [/opt/intel/compilers_and_libraries_2018.3.185/mac/compiler/lib] ==> [/opt/intel/compilers_and_libraries_2018.3.185/mac/compiler/lib]
  collapse library dir [/opt/intel/compilers_and_libraries_2018.3.185/mac/mkl/lib] ==> [/opt/intel/compilers_and_libraries_2018.3.185/mac/mkl/lib]
  collapse library dir [/opt/intel/compilers_and_libraries_2018.3.185/mac/tbb/lib] ==> [/opt/intel/compilers_and_libraries_2018.3.185/mac/tbb/lib]
  collapse library dir [/opt/intel/compilers_and_libraries_2018.3.185/mac/tbb/lib] ==> [/opt/intel/compilers_and_libraries_2018.3.185/mac/tbb/lib]
  collapse library dir [/opt/intel/compilers_and_libraries_2018.3.185/mac/daal/lib] ==> [/opt/intel/compilers_and_libraries_2018.3.185/mac/daal/lib]
  collapse library dir [/opt/intel/compilers_and_libraries_2018.3.185/mac/tbb/lib] ==> [/opt/intel/compilers_and_libraries_2018.3.185/mac/tbb/lib]
  collapse library dir [/usr/lib] ==> [/usr/lib]
  collapse library dir [/usr/local/lib] ==> [/usr/local/lib]
  collapse framework dir [/Library/Frameworks/] ==> [/Library/Frameworks]
  collapse framework dir [/System/Library/Frameworks/] ==> [/System/Library/Frameworks]
  implicit libs: [mpi;omp]
  implicit dirs: [/usr/local/opt/libevent/lib;/usr/local/Cellar/open-mpi/4.0.1_2/lib;/opt/intel/compilers_and_libraries_2018.3.185/mac/ipp/lib;/opt/intel/compilers_and_libraries_2018.3.185/mac/compiler/lib;/opt/intel/compilers_and_libraries_2018.3.185/mac/mkl/lib;/opt/intel/compilers_and_libraries_2018.3.185/mac/tbb/lib;/opt/intel/compilers_and_libraries_2018.3.185/mac/daal/lib;/usr/lib;/usr/local/lib]
  implicit fwks: [/Library/Frameworks;/System/Library/Frameworks]


